PREFIX: 2015/03/10 22:57:47 client.go:37: Initializing new client
PREFIX: 2015/03/10 22:57:47 client.go:488: Fetching metadata for all topics from broker localhost:9092
PREFIX: 2015/03/10 22:57:47 broker.go:83: Connected to broker localhost:9092
PREFIX: 2015/03/10 22:57:47 client.go:77: Successfully initialized new client
PREFIX: 2015/03/10 22:57:47 client.go:486: Fetching metadata for [LegacyEvents] from broker localhost:9092
PREFIX: 2015/03/10 22:57:47 producer.go:211: Producer shutting down.
PREFIX: 2015/03/10 22:57:47 client.go:503: Some partitions are leaderless, waiting 250ms for election... (3 retries remaining)
PREFIX: 2015/03/10 22:57:47 client.go:486: Fetching metadata for [LegacyEvents] from broker localhost:9092
PREFIX: 2015/03/10 22:57:47 client.go:548: Registered new broker #9092 at 192.168.1.104:9092
PREFIX: 2015/03/10 22:57:47 producer.go:473: producer/flusher/9092 starting up
PREFIX: 2015/03/10 22:57:47 broker.go:83: Connected to broker 192.168.1.104:9092
PREFIX: 2015/03/10 22:57:47 producer.go:569: producer/flusher/9092 shut down
PREFIX: 2015/03/10 22:57:47 client.go:96: Closing Client
3 client.go:486: Fetching metadata for [LegacyEvents] from broker localhost:9092
PREFIX: 2015/03/10 12:35:53 client.go:499: Some partitions are leaderless, but we're out of retries
PREFIX: 2015/03/10 12:35:53 client.go:486: Fetching metadata for [LegacyEvents] from broker localhost:9092
PREFIX: 2015/03/10 12:35:53 client.go:503: Some partitions are leaderless, waiting 250ms for election... (3 retries remaining)
PREFIX: 2015/03/10 12:35:54 client.go:486: Fetching metadata for [LegacyEvents] from broker localhost:9092
PREFIX: 2015/03/10 12:35:54 client.go:503: Some partitions are leaderless, waiting 250ms for election... (2 retries remaining)
PREFIX: 2015/03/10 12:35:54 client.go:486: Fetching metadata for [LegacyEvents] from broker localhost:9092
PREFIX: 2015/03/10 12:35:54 client.go:503: Some partitions are leaderless, waiting 250ms for election... (1 retries remaining)
PREFIX: 2015/03/10 12:35:54 client.go:486: Fetching metadata for [LegacyEvents] from broker localhost:9092
PREFIX: 2015/03/10 12:35:54 client.go:499: Some partitions are leaderless, but we're out of retries
PREFIX: 2015/03/10 12:35:54 client.go:486: Fetching metadata for [LegacyEvents] from broker localhost:9092
PREFIX: 2015/03/10 12:35:54 client.go:503: Some partitions are leaderless, waiting 250ms for election... (3 retries remaining)
PREFIX: 2015/03/10 12:35:54 client.go:486: Fetching metadata for [LegacyEvents] from broker localhost:9092
PREFIX: 2015/03/10 12:35:54 client.go:503: Some partitions are leaderless, waiting 250ms for election... (2 retries remaining)
PREFIX: 2015/03/10 12:35:55 client.go:486: Fetching metadata for [LegacyEvents] from broker localhost:9092
PREFIX: 2015/03/10 12:35:55 client.go:503: Some partitions are leaderless, waiting 250ms for election... (1 retries remaining)
PREFIX: 2015/03/10 12:35:55 client.go:486: Fetching metadata for [LegacyEvents] from broker localhost:9092
PREFIX: 2015/03/10 12:35:55 client.go:499: Some partitions are leaderless, but we're out of retries
PREFIX: 2015/03/10 12:35:55 client.go:486: Fetching metadata for [LegacyEvents] from broker localhost:9092
PREFIX: 2015/03/10 12:35:55 client.go:503: Some partitions are leaderless, waiting 250ms for election... (3 retries remaining)
PREFIX: 2015/03/10 12:35:55 client.go:486: Fetching metadata for [LegacyEvents] from broker localhost:9092
PREFIX: 2015/03/10 12:35:55 client.go:503: Some partitions are leaderless, waiting 250ms for election... (2 retries remaining)
PREFIX: 2015/03/10 12:35:55 client.go:486: Fetching metadata for [LegacyEvents] from broker localhost:9092
PREFIX: 2015/03/10 12:35:55 client.go:503: Some partitions are leaderless, waiting 250ms for election... (1 retries remaining)
PREFIX: 2015/03/10 12:35:56 client.go:486: Fetching metadata for [LegacyEvents] from broker localhost:9092
PREFIX: 2015/03/10 12:35:56 client.go:499: Some partitions are leaderless, but we're out of retries
PREFIX: 2015/03/10 12:35:56 client.go:486: Fetching metadata for [LegacyEvents] from broker localhost:9092
PREFIX: 2015/03/10 12:35:56 client.go:503: Some partitions are leaderless, waiting 250ms for election... (3 retries remaining)
PREFIX: 2015/03/10 12:35:56 client.go:486: Fetching metadata for [LegacyEvents] from broker localhost:9092
PREFIX: 2015/03/10 12:35:56 client.go:503: Some partitions are leaderless, waiting 250ms for election... (2 retries remaining)
PREFIX: 2015/03/10 12:35:56 client.go:486: Fetching metadata for [LegacyEvents] from broker localhost:9092
PREFIX: 2015/03/10 12:35:56 client.go:503: Some partitions are leaderless, waiting 250ms for election... (1 retries remaining)
PREFIX: 2015/03/10 12:35:56 client.go:486: Fetching metadata for [LegacyEvents] from broker localhost:9092
PREFIX: 2015/03/10 12:35:56 client.go:499: Some partitions are leaderless, but we're out of retries
PREFIX: 2015/03/10 12:35:56 client.go:96: Closing Client
